<?xml version="1.0" encoding="UTF-8"?>
<testng-results ignored="0" total="1" passed="1" failed="0" skipped="0">
  <reporter-output>
  </reporter-output>
  <suite started-at="2022-08-18T09:01:43 IST" name="Default suite" finished-at="2022-08-18T09:02:50 IST" duration-ms="66477">
    <groups>
    </groups>
    <test started-at="2022-08-18T09:01:43 IST" name="Default test" finished-at="2022-08-18T09:02:50 IST" duration-ms="66477">
      <class name="MySeleniumScript.ChromeBrowser">
        <test-method signature="test1_switchUsingId()[pri:0, instance:MySeleniumScript.ChromeBrowser@7fee8714]" started-at="2022-08-18T09:01:43 IST" name="test1_switchUsingId" finished-at="2022-08-18T09:02:50 IST" duration-ms="66427" status="PASS">
          <reporter-output>
          </reporter-output>
        </test-method> <!-- test1_switchUsingId -->
      </class> <!-- MySeleniumScript.ChromeBrowser -->
    </test> <!-- Default test -->
  </suite> <!-- Default suite -->
</testng-results>
